Appending /home/mike/Documents/GitHub/pentoo-overlay to PORTDIR_OVERLAY...
 * addr2line-0.15.1.crate BLAKE2B SHA512 size ;-) ...                    [ ok ]
 * adler-1.0.2.crate BLAKE2B SHA512 size ;-) ...                         [ ok ]
 * aho-corasick-0.7.18.crate BLAKE2B SHA512 size ;-) ...                 [ ok ]
 * ansi_term-0.11.0.crate BLAKE2B SHA512 size ;-) ...                    [ ok ]
 * arrayref-0.3.6.crate BLAKE2B SHA512 size ;-) ...                      [ ok ]
 * arrayvec-0.5.2.crate BLAKE2B SHA512 size ;-) ...                      [ ok ]
 * async-trait-0.1.50.crate BLAKE2B SHA512 size ;-) ...                  [ ok ]
 * atty-0.2.14.crate BLAKE2B SHA512 size ;-) ...                         [ ok ]
 * autocfg-0.1.7.crate BLAKE2B SHA512 size ;-) ...                       [ ok ]
 * autocfg-1.0.1.crate BLAKE2B SHA512 size ;-) ...                       [ ok ]
 * backtrace-0.3.59.crate BLAKE2B SHA512 size ;-) ...                    [ ok ]
 * base64-0.13.0.crate BLAKE2B SHA512 size ;-) ...                       [ ok ]
 * bitflags-1.2.1.crate BLAKE2B SHA512 size ;-) ...                      [ ok ]
 * blake2b_simd-0.5.11.crate BLAKE2B SHA512 size ;-) ...                 [ ok ]
 * bstr-0.2.16.crate BLAKE2B SHA512 size ;-) ...                         [ ok ]
 * byteorder-1.4.3.crate BLAKE2B SHA512 size ;-) ...                     [ ok ]
 * bytes-0.5.6.crate BLAKE2B SHA512 size ;-) ...                         [ ok ]
 * cc-1.0.67.crate BLAKE2B SHA512 size ;-) ...                           [ ok ]
 * cfg-if-0.1.10.crate BLAKE2B SHA512 size ;-) ...                       [ ok ]
 * cfg-if-1.0.0.crate BLAKE2B SHA512 size ;-) ...                        [ ok ]
 * chrono-0.4.19.crate BLAKE2B SHA512 size ;-) ...                       [ ok ]
 * clap-2.33.3.crate BLAKE2B SHA512 size ;-) ...                         [ ok ]
 * cloudabi-0.0.3.crate BLAKE2B SHA512 size ;-) ...                      [ ok ]
 * config-0.10.1.crate BLAKE2B SHA512 size ;-) ...                       [ ok ]
 * constant_time_eq-0.1.5.crate BLAKE2B SHA512 size ;-) ...              [ ok ]
 * crossbeam-channel-0.5.1.crate BLAKE2B SHA512 size ;-) ...             [ ok ]
 * crossbeam-deque-0.8.0.crate BLAKE2B SHA512 size ;-) ...               [ ok ]
 * crossbeam-epoch-0.9.4.crate BLAKE2B SHA512 size ;-) ...               [ ok ]
 * crossbeam-utils-0.8.4.crate BLAKE2B SHA512 size ;-) ...               [ ok ]
 * csv-1.1.6.crate BLAKE2B SHA512 size ;-) ...                           [ ok ]
 * csv-core-0.1.10.crate BLAKE2B SHA512 size ;-) ...                     [ ok ]
 * curl-0.4.37.crate BLAKE2B SHA512 size ;-) ...                         [ ok ]
 * curl-sys-0.4.43+curl-7.76.0.crate BLAKE2B SHA512 size ;-) ...         [ ok ]
 * dirs-1.0.5.crate BLAKE2B SHA512 size ;-) ...                          [ ok ]
 * either-1.6.1.crate BLAKE2B SHA512 size ;-) ...                        [ ok ]
 * encode_unicode-0.3.6.crate BLAKE2B SHA512 size ;-) ...                [ ok ]
 * enum-as-inner-0.3.3.crate BLAKE2B SHA512 size ;-) ...                 [ ok ]
 * failure-0.1.8.crate BLAKE2B SHA512 size ;-) ...                       [ ok ]
 * failure_derive-0.1.8.crate BLAKE2B SHA512 size ;-) ...                [ ok ]
 * foreign-types-0.3.2.crate BLAKE2B SHA512 size ;-) ...                 [ ok ]
 * foreign-types-shared-0.1.1.crate BLAKE2B SHA512 size ;-) ...          [ ok ]
 * form_urlencoded-1.0.1.crate BLAKE2B SHA512 size ;-) ...               [ ok ]
 * fuchsia-cprng-0.1.1.crate BLAKE2B SHA512 size ;-) ...                 [ ok ]
 * fuchsia-zircon-0.3.3.crate BLAKE2B SHA512 size ;-) ...                [ ok ]
 * fuchsia-zircon-sys-0.3.3.crate BLAKE2B SHA512 size ;-) ...            [ ok ]
 * futf-0.1.4.crate BLAKE2B SHA512 size ;-) ...                          [ ok ]
 * futures-0.3.15.crate BLAKE2B SHA512 size ;-) ...                      [ ok ]
 * futures-channel-0.3.15.crate BLAKE2B SHA512 size ;-) ...              [ ok ]
 * futures-core-0.3.15.crate BLAKE2B SHA512 size ;-) ...                 [ ok ]
 * futures-io-0.3.15.crate BLAKE2B SHA512 size ;-) ...                   [ ok ]
 * futures-sink-0.3.15.crate BLAKE2B SHA512 size ;-) ...                 [ ok ]
 * futures-task-0.3.15.crate BLAKE2B SHA512 size ;-) ...                 [ ok ]
 * futures-util-0.3.15.crate BLAKE2B SHA512 size ;-) ...                 [ ok ]
 * getrandom-0.1.16.crate BLAKE2B SHA512 size ;-) ...                    [ ok ]
 * gimli-0.24.0.crate BLAKE2B SHA512 size ;-) ...                        [ ok ]
 * heck-0.3.2.crate BLAKE2B SHA512 size ;-) ...                          [ ok ]
 * hermit-abi-0.1.18.crate BLAKE2B SHA512 size ;-) ...                   [ ok ]
 * hostname-0.3.1.crate BLAKE2B SHA512 size ;-) ...                      [ ok ]
 * html5ever-0.22.5.crate BLAKE2B SHA512 size ;-) ...                    [ ok ]
 * idna-0.2.3.crate BLAKE2B SHA512 size ;-) ...                          [ ok ]
 * iovec-0.1.4.crate BLAKE2B SHA512 size ;-) ...                         [ ok ]
 * ipconfig-0.2.2.crate BLAKE2B SHA512 size ;-) ...                      [ ok ]
 * itoa-0.4.7.crate BLAKE2B SHA512 size ;-) ...                          [ ok ]
 * kernel32-sys-0.2.2.crate BLAKE2B SHA512 size ;-) ...                  [ ok ]
 * lazy_static-1.4.0.crate BLAKE2B SHA512 size ;-) ...                   [ ok ]
 * lexical-core-0.7.6.crate BLAKE2B SHA512 size ;-) ...                  [ ok ]
 * libc-0.2.94.crate BLAKE2B SHA512 size ;-) ...                         [ ok ]
 * libz-sys-1.1.3.crate BLAKE2B SHA512 size ;-) ...                      [ ok ]
 * linked-hash-map-0.3.0.crate BLAKE2B SHA512 size ;-) ...               [ ok ]
 * linked-hash-map-0.5.4.crate BLAKE2B SHA512 size ;-) ...               [ ok ]
 * log-0.4.14.crate BLAKE2B SHA512 size ;-) ...                          [ ok ]
 * lru-cache-0.1.2.crate BLAKE2B SHA512 size ;-) ...                     [ ok ]
 * mac-0.1.1.crate BLAKE2B SHA512 size ;-) ...                           [ ok ]
 * markup5ever-0.7.5.crate BLAKE2B SHA512 size ;-) ...                   [ ok ]
 * match_cfg-0.1.0.crate BLAKE2B SHA512 size ;-) ...                     [ ok ]
 * matches-0.1.8.crate BLAKE2B SHA512 size ;-) ...                       [ ok ]
 * memchr-2.4.0.crate BLAKE2B SHA512 size ;-) ...                        [ ok ]
 * memoffset-0.6.3.crate BLAKE2B SHA512 size ;-) ...                     [ ok ]
 * miniz_oxide-0.4.4.crate BLAKE2B SHA512 size ;-) ...                   [ ok ]
 * mio-0.6.23.crate BLAKE2B SHA512 size ;-) ...                          [ ok ]
 * miow-0.2.2.crate BLAKE2B SHA512 size ;-) ...                          [ ok ]
 * net2-0.2.37.crate BLAKE2B SHA512 size ;-) ...                         [ ok ]
 * new_debug_unreachable-1.0.4.crate BLAKE2B SHA512 size ;-) ...         [ ok ]
 * nom-5.1.2.crate BLAKE2B SHA512 size ;-) ...                           [ ok ]
 * num-integer-0.1.44.crate BLAKE2B SHA512 size ;-) ...                  [ ok ]
 * num-traits-0.1.43.crate BLAKE2B SHA512 size ;-) ...                   [ ok ]
 * num-traits-0.2.14.crate BLAKE2B SHA512 size ;-) ...                   [ ok ]
 * num_cpus-1.13.0.crate BLAKE2B SHA512 size ;-) ...                     [ ok ]
 * object-0.24.0.crate BLAKE2B SHA512 size ;-) ...                       [ ok ]
 * once_cell-1.7.2.crate BLAKE2B SHA512 size ;-) ...                     [ ok ]
 * openssl-0.10.34.crate BLAKE2B SHA512 size ;-) ...                     [ ok ]
 * openssl-probe-0.1.4.crate BLAKE2B SHA512 size ;-) ...                 [ ok ]
 * openssl-src-111.15.0+1.1.1k.crate BLAKE2B SHA512 size ;-) ...         [ ok ]
 * openssl-sys-0.9.63.crate BLAKE2B SHA512 size ;-) ...                  [ ok ]
 * percent-encoding-2.1.0.crate BLAKE2B SHA512 size ;-) ...              [ ok ]
 * phf-0.7.24.crate BLAKE2B SHA512 size ;-) ...                          [ ok ]
 * phf_codegen-0.7.24.crate BLAKE2B SHA512 size ;-) ...                  [ ok ]
 * phf_generator-0.7.24.crate BLAKE2B SHA512 size ;-) ...                [ ok ]
 * phf_shared-0.7.24.crate BLAKE2B SHA512 size ;-) ...                   [ ok ]
 * pin-project-lite-0.1.12.crate BLAKE2B SHA512 size ;-) ...             [ ok ]
 * pin-project-lite-0.2.6.crate BLAKE2B SHA512 size ;-) ...              [ ok ]
 * pin-utils-0.1.0.crate BLAKE2B SHA512 size ;-) ...                     [ ok ]
 * pkg-config-0.3.19.crate BLAKE2B SHA512 size ;-) ...                   [ ok ]
 * ppv-lite86-0.2.10.crate BLAKE2B SHA512 size ;-) ...                   [ ok ]
 * precomputed-hash-0.1.1.crate BLAKE2B SHA512 size ;-) ...              [ ok ]
 * prettytable-rs-0.8.0.crate BLAKE2B SHA512 size ;-) ...                [ ok ]
 * proc-macro2-0.4.30.crate BLAKE2B SHA512 size ;-) ...                  [ ok ]
 * proc-macro2-1.0.26.crate BLAKE2B SHA512 size ;-) ...                  [ ok ]
 * quick-error-1.2.3.crate BLAKE2B SHA512 size ;-) ...                   [ ok ]
 * quote-0.6.13.crate BLAKE2B SHA512 size ;-) ...                        [ ok ]
 * quote-1.0.9.crate BLAKE2B SHA512 size ;-) ...                         [ ok ]
 * rand-0.6.5.crate BLAKE2B SHA512 size ;-) ...                          [ ok ]
 * rand-0.7.3.crate BLAKE2B SHA512 size ;-) ...                          [ ok ]
 * rand_chacha-0.1.1.crate BLAKE2B SHA512 size ;-) ...                   [ ok ]
 * rand_chacha-0.2.2.crate BLAKE2B SHA512 size ;-) ...                   [ ok ]
 * rand_core-0.3.1.crate BLAKE2B SHA512 size ;-) ...                     [ ok ]
 * rand_core-0.4.2.crate BLAKE2B SHA512 size ;-) ...                     [ ok ]
 * rand_core-0.5.1.crate BLAKE2B SHA512 size ;-) ...                     [ ok ]
 * rand_hc-0.1.0.crate BLAKE2B SHA512 size ;-) ...                       [ ok ]
 * rand_hc-0.2.0.crate BLAKE2B SHA512 size ;-) ...                       [ ok ]
 * rand_isaac-0.1.1.crate BLAKE2B SHA512 size ;-) ...                    [ ok ]
 * rand_jitter-0.1.4.crate BLAKE2B SHA512 size ;-) ...                   [ ok ]
 * rand_os-0.1.3.crate BLAKE2B SHA512 size ;-) ...                       [ ok ]
 * rand_pcg-0.1.2.crate BLAKE2B SHA512 size ;-) ...                      [ ok ]
 * rand_xorshift-0.1.1.crate BLAKE2B SHA512 size ;-) ...                 [ ok ]
 * rayon-1.5.0.crate BLAKE2B SHA512 size ;-) ...                         [ ok ]
 * rayon-core-1.9.0.crate BLAKE2B SHA512 size ;-) ...                    [ ok ]
 * rdrand-0.4.0.crate BLAKE2B SHA512 size ;-) ...                        [ ok ]
 * redox_syscall-0.1.57.crate BLAKE2B SHA512 size ;-) ...                [ ok ]
 * redox_users-0.3.5.crate BLAKE2B SHA512 size ;-) ...                   [ ok ]
 * regex-1.5.4.crate BLAKE2B SHA512 size ;-) ...                         [ ok ]
 * regex-automata-0.1.9.crate BLAKE2B SHA512 size ;-) ...                [ ok ]
 * regex-syntax-0.6.25.crate BLAKE2B SHA512 size ;-) ...                 [ ok ]
 * resolv-conf-0.7.0.crate BLAKE2B SHA512 size ;-) ...                   [ ok ]
 * rust-argon2-0.8.3.crate BLAKE2B SHA512 size ;-) ...                   [ ok ]
 * rust-ini-0.13.0.crate BLAKE2B SHA512 size ;-) ...                     [ ok ]
 * rustc-demangle-0.1.19.crate BLAKE2B SHA512 size ;-) ...               [ ok ]
 * ryu-1.0.5.crate BLAKE2B SHA512 size ;-) ...                           [ ok ]
 * schannel-0.1.19.crate BLAKE2B SHA512 size ;-) ...                     [ ok ]
 * scopeguard-1.1.0.crate BLAKE2B SHA512 size ;-) ...                    [ ok ]
 * serde-0.8.23.crate BLAKE2B SHA512 size ;-) ...                        [ ok ]
 * serde-1.0.126.crate BLAKE2B SHA512 size ;-) ...                       [ ok ]
 * serde-hjson-0.9.1.crate BLAKE2B SHA512 size ;-) ...                   [ ok ]
 * serde-xml-rs-0.4.1.crate BLAKE2B SHA512 size ;-) ...                  [ ok ]
 * serde_derive-1.0.126.crate BLAKE2B SHA512 size ;-) ...                [ ok ]
 * serde_json-1.0.64.crate BLAKE2B SHA512 size ;-) ...                   [ ok ]
 * serde_test-0.8.23.crate BLAKE2B SHA512 size ;-) ...                   [ ok ]
 * siphasher-0.2.3.crate BLAKE2B SHA512 size ;-) ...                     [ ok ]
 * slab-0.4.3.crate BLAKE2B SHA512 size ;-) ...                          [ ok ]
 * smallvec-1.6.1.crate BLAKE2B SHA512 size ;-) ...                      [ ok ]
 * socket2-0.3.19.crate BLAKE2B SHA512 size ;-) ...                      [ ok ]
 * socket2-0.4.0.crate BLAKE2B SHA512 size ;-) ...                       [ ok ]
 * static_assertions-1.1.0.crate BLAKE2B SHA512 size ;-) ...             [ ok ]
 * string_cache-0.7.5.crate BLAKE2B SHA512 size ;-) ...                  [ ok ]
 * string_cache_codegen-0.4.4.crate BLAKE2B SHA512 size ;-) ...          [ ok ]
 * string_cache_shared-0.3.0.crate BLAKE2B SHA512 size ;-) ...           [ ok ]
 * strsim-0.8.0.crate BLAKE2B SHA512 size ;-) ...                        [ ok ]
 * syn-0.15.44.crate BLAKE2B SHA512 size ;-) ...                         [ ok ]
 * syn-1.0.72.crate BLAKE2B SHA512 size ;-) ...                          [ ok ]
 * synstructure-0.12.4.crate BLAKE2B SHA512 size ;-) ...                 [ ok ]
 * tendril-0.4.2.crate BLAKE2B SHA512 size ;-) ...                       [ ok ]
 * term-0.5.2.crate BLAKE2B SHA512 size ;-) ...                          [ ok ]
 * textwrap-0.11.0.crate BLAKE2B SHA512 size ;-) ...                     [ ok ]
 * thiserror-1.0.24.crate BLAKE2B SHA512 size ;-) ...                    [ ok ]
 * thiserror-impl-1.0.24.crate BLAKE2B SHA512 size ;-) ...               [ ok ]
 * time-0.1.44.crate BLAKE2B SHA512 size ;-) ...                         [ ok ]
 * tinyvec-1.2.0.crate BLAKE2B SHA512 size ;-) ...                       [ ok ]
 * tinyvec_macros-0.1.0.crate BLAKE2B SHA512 size ;-) ...                [ ok ]
 * tokio-0.2.25.crate BLAKE2B SHA512 size ;-) ...                        [ ok ]
 * toml-0.5.8.crate BLAKE2B SHA512 size ;-) ...                          [ ok ]
 * trust-dns-proto-0.19.7.crate BLAKE2B SHA512 size ;-) ...              [ ok ]
 * trust-dns-resolver-0.19.7.crate BLAKE2B SHA512 size ;-) ...           [ ok ]
 * unicode-bidi-0.3.5.crate BLAKE2B SHA512 size ;-) ...                  [ ok ]
 * unicode-normalization-0.1.17.crate BLAKE2B SHA512 size ;-) ...        [ ok ]
 * unicode-segmentation-1.7.1.crate BLAKE2B SHA512 size ;-) ...          [ ok ]
 * unicode-width-0.1.8.crate BLAKE2B SHA512 size ;-) ...                 [ ok ]
 * unicode-xid-0.1.0.crate BLAKE2B SHA512 size ;-) ...                   [ ok ]
 * unicode-xid-0.2.2.crate BLAKE2B SHA512 size ;-) ...                   [ ok ]
 * url-2.2.2.crate BLAKE2B SHA512 size ;-) ...                           [ ok ]
 * utf-8-0.7.6.crate BLAKE2B SHA512 size ;-) ...                         [ ok ]
 * vcpkg-0.2.12.crate BLAKE2B SHA512 size ;-) ...                        [ ok ]
 * vec_map-0.8.2.crate BLAKE2B SHA512 size ;-) ...                       [ ok ]
 * version_check-0.9.3.crate BLAKE2B SHA512 size ;-) ...                 [ ok ]
 * wasi-0.10.0+wasi-snapshot-preview1.crate BLAKE2B SHA512 size ;-) ...  [ ok ]
 * wasi-0.9.0+wasi-snapshot-preview1.crate BLAKE2B SHA512 size ;-) ...   [ ok ]
 * webpage-1.2.0.crate BLAKE2B SHA512 size ;-) ...                       [ ok ]
 * widestring-0.4.3.crate BLAKE2B SHA512 size ;-) ...                    [ ok ]
 * winapi-0.2.8.crate BLAKE2B SHA512 size ;-) ...                        [ ok ]
 * winapi-0.3.9.crate BLAKE2B SHA512 size ;-) ...                        [ ok ]
 * winapi-build-0.1.1.crate BLAKE2B SHA512 size ;-) ...                  [ ok ]
 * winapi-i686-pc-windows-gnu-0.4.0.crate BLAKE2B SHA512 size ;-) ...    [ ok ]
 * winapi-x86_64-pc-windows-gnu-0.4.0.crate BLAKE2B SHA512 size ;-) ...  [ ok ]
 * winreg-0.6.2.crate BLAKE2B SHA512 size ;-) ...                        [ ok ]
 * ws2_32-sys-0.2.1.crate BLAKE2B SHA512 size ;-) ...                    [ ok ]
 * xml-rs-0.8.3.crate BLAKE2B SHA512 size ;-) ...                        [ ok ]
 * yaml-rust-0.3.5.crate BLAKE2B SHA512 size ;-) ...                     [ ok ]
 * yaml-rust-0.4.5.crate BLAKE2B SHA512 size ;-) ...                     [ ok ]
 [32;01m*[0m FEATURES='assume-digests binpkg-docompress binpkg-dostrip binpkg-logs binpkg-multi-instance cgroup compress-build-logs config-protect-if-modified distlocks fixlafiles getbinpkg ipc-sandbox merge-sync multilib-strict network-sandbox news parallel-fetch parallel-install pid-sandbox preserve-libs protect-owned qa-unresolved-soname-deps sandbox sfperms strict strict-keepdir unknown-features-warn unmerge-logs unmerge-orphans userfetch userpriv usersandbox usersync xattr'
 [32;01m*[0m CFLAGS='-O2 -pipe -march=skylake -mtune=skylake -Wl,-O1 -Wl,--as-needed'
 [32;01m*[0m CXXFLAGS='-O2 -pipe -march=skylake -mtune=skylake -Wl,-O1 -Wl,--as-needed'
 [32;01m*[0m FFLAGS='-O2 -pipe -march=skylake -mtune=skylake -Wl,-O1 -Wl,--as-needed'
 [32;01m*[0m FCFLAGS='-O2 -pipe -march=skylake -mtune=skylake -Wl,-O1 -Wl,--as-needed'
 [32;01m*[0m F77FLAGS='-O2 -pipe -march=skylake -mtune=skylake -Wl,-O1 -Wl,--as-needed'
 [32;01m*[0m LDFLAGS='-O2 -pipe -march=skylake -mtune=skylake -Wl,-O1 -Wl,--as-needed'
 [32;01m*[0m MAKEOPTS='-j8 -s'
 [32;01m*[0m gcc (Gentoo Hardened 11.1.0 p1) 11.1.0
 [32;01m*[0m g++ (Gentoo Hardened 11.1.0 p1) 11.1.0
 [32;01m*[0m GNU ld (Gentoo 2.35.2 p1) 2.35.2
 [32;01m*[0m Linux mike 5.12.2-pentoo #1 SMP Tue May 11 18:40:12 UTC 2021 x86_64 Intel(R) Core(TM) i7-9750H CPU @ 2.60GHz GenuineIntel GNU/Linux
>>> Unpacking source...
 [32;01m*[0m Loading addr2line-0.15.1.crate into Cargo registry ...
[A[72C [34;01m[ [32;01mok[34;01m ][0m
 [32;01m*[0m Loading adler-1.0.2.crate into Cargo registry ...
[A[72C [34;01m[ [32;01mok[34;01m ][0m
 [32;01m*[0m Loading aho-corasick-0.7.18.crate into Cargo registry ...
[A[72C [34;01m[ [32;01mok[34;01m ][0m
 [32;01m*[0m Loading ansi_term-0.11.0.crate into Cargo registry ...
[A[72C [34;01m[ [32;01mok[34;01m ][0m
 [32;01m*[0m Loading arrayref-0.3.6.crate into Cargo registry ...
[A[72C [34;01m[ [32;01mok[34;01m ][0m
 [32;01m*[0m Loading arrayvec-0.5.2.crate into Cargo registry ...
[A[72C [34;01m[ [32;01mok[34;01m ][0m
 [32;01m*[0m Loading async-trait-0.1.50.crate into Cargo registry ...
[A[72C [34;01m[ [32;01mok[34;01m ][0m
 [32;01m*[0m Loading atty-0.2.14.crate into Cargo registry ...
[A[72C [34;01m[ [32;01mok[34;01m ][0m
 [32;01m*[0m Loading autocfg-0.1.7.crate into Cargo registry ...
[A[72C [34;01m[ [32;01mok[34;01m ][0m
 [32;01m*[0m Loading autocfg-1.0.1.crate into Cargo registry ...
[A[72C [34;01m[ [32;01mok[34;01m ][0m
 [32;01m*[0m Loading backtrace-0.3.59.crate into Cargo registry ...
[A[72C [34;01m[ [32;01mok[34;01m ][0m
 [32;01m*[0m Loading base64-0.13.0.crate into Cargo registry ...
[A[72C [34;01m[ [32;01mok[34;01m ][0m
 [32;01m*[0m Loading bitflags-1.2.1.crate into Cargo registry ...
[A[72C [34;01m[ [32;01mok[34;01m ][0m
 [32;01m*[0m Loading blake2b_simd-0.5.11.crate into Cargo registry ...
[A[72C [34;01m[ [32;01mok[34;01m ][0m
 [32;01m*[0m Loading bstr-0.2.16.crate into Cargo registry ...
[A[72C [34;01m[ [32;01mok[34;01m ][0m
 [32;01m*[0m Loading byteorder-1.4.3.crate into Cargo registry ...
[A[72C [34;01m[ [32;01mok[34;01m ][0m
 [32;01m*[0m Loading bytes-0.5.6.crate into Cargo registry ...
[A[72C [34;01m[ [32;01mok[34;01m ][0m
 [32;01m*[0m Loading cc-1.0.67.crate into Cargo registry ...
[A[72C [34;01m[ [32;01mok[34;01m ][0m
 [32;01m*[0m Loading cfg-if-0.1.10.crate into Cargo registry ...
[A[72C [34;01m[ [32;01mok[34;01m ][0m
 [32;01m*[0m Loading cfg-if-1.0.0.crate into Cargo registry ...
[A[72C [34;01m[ [32;01mok[34;01m ][0m
 [32;01m*[0m Loading chrono-0.4.19.crate into Cargo registry ...
[A[72C [34;01m[ [32;01mok[34;01m ][0m
 [32;01m*[0m Loading clap-2.33.3.crate into Cargo registry ...
[A[72C [34;01m[ [32;01mok[34;01m ][0m
 [32;01m*[0m Loading cloudabi-0.0.3.crate into Cargo registry ...
[A[72C [34;01m[ [32;01mok[34;01m ][0m
 [32;01m*[0m Loading config-0.10.1.crate into Cargo registry ...
[A[72C [34;01m[ [32;01mok[34;01m ][0m
 [32;01m*[0m Loading constant_time_eq-0.1.5.crate into Cargo registry ...
[A[72C [34;01m[ [32;01mok[34;01m ][0m
 [32;01m*[0m Loading crossbeam-channel-0.5.1.crate into Cargo registry ...
[A[72C [34;01m[ [32;01mok[34;01m ][0m
 [32;01m*[0m Loading crossbeam-deque-0.8.0.crate into Cargo registry ...
[A[72C [34;01m[ [32;01mok[34;01m ][0m
 [32;01m*[0m Loading crossbeam-epoch-0.9.4.crate into Cargo registry ...
[A[72C [34;01m[ [32;01mok[34;01m ][0m
 [32;01m*[0m Loading crossbeam-utils-0.8.4.crate into Cargo registry ...
[A[72C [34;01m[ [32;01mok[34;01m ][0m
 [32;01m*[0m Loading csv-1.1.6.crate into Cargo registry ...
[A[72C [34;01m[ [32;01mok[34;01m ][0m
 [32;01m*[0m Loading csv-core-0.1.10.crate into Cargo registry ...
[A[72C [34;01m[ [32;01mok[34;01m ][0m
 [32;01m*[0m Loading curl-0.4.37.crate into Cargo registry ...
[A[72C [34;01m[ [32;01mok[34;01m ][0m
 [32;01m*[0m Loading curl-sys-0.4.43+curl-7.76.0.crate into Cargo registry ...
[A[72C [34;01m[ [32;01mok[34;01m ][0m
 [32;01m*[0m Loading dirs-1.0.5.crate into Cargo registry ...
[A[72C [34;01m[ [32;01mok[34;01m ][0m
 [32;01m*[0m Loading either-1.6.1.crate into Cargo registry ...
[A[72C [34;01m[ [32;01mok[34;01m ][0m
 [32;01m*[0m Loading encode_unicode-0.3.6.crate into Cargo registry ...
[A[72C [34;01m[ [32;01mok[34;01m ][0m
 [32;01m*[0m Loading enum-as-inner-0.3.3.crate into Cargo registry ...
[A[72C [34;01m[ [32;01mok[34;01m ][0m
 [32;01m*[0m Loading failure-0.1.8.crate into Cargo registry ...
[A[72C [34;01m[ [32;01mok[34;01m ][0m
 [32;01m*[0m Loading failure_derive-0.1.8.crate into Cargo registry ...
[A[72C [34;01m[ [32;01mok[34;01m ][0m
 [32;01m*[0m Loading foreign-types-0.3.2.crate into Cargo registry ...
[A[72C [34;01m[ [32;01mok[34;01m ][0m
 [32;01m*[0m Loading foreign-types-shared-0.1.1.crate into Cargo registry ...
[A[72C [34;01m[ [32;01mok[34;01m ][0m
 [32;01m*[0m Loading form_urlencoded-1.0.1.crate into Cargo registry ...
[A[72C [34;01m[ [32;01mok[34;01m ][0m
 [32;01m*[0m Loading fuchsia-cprng-0.1.1.crate into Cargo registry ...
[A[72C [34;01m[ [32;01mok[34;01m ][0m
 [32;01m*[0m Loading fuchsia-zircon-0.3.3.crate into Cargo registry ...
[A[72C [34;01m[ [32;01mok[34;01m ][0m
 [32;01m*[0m Loading fuchsia-zircon-sys-0.3.3.crate into Cargo registry ...
[A[72C [34;01m[ [32;01mok[34;01m ][0m
 [32;01m*[0m Loading futf-0.1.4.crate into Cargo registry ...
[A[72C [34;01m[ [32;01mok[34;01m ][0m
 [32;01m*[0m Loading futures-0.3.15.crate into Cargo registry ...
[A[72C [34;01m[ [32;01mok[34;01m ][0m
 [32;01m*[0m Loading futures-channel-0.3.15.crate into Cargo registry ...
[A[72C [34;01m[ [32;01mok[34;01m ][0m
 [32;01m*[0m Loading futures-core-0.3.15.crate into Cargo registry ...
[A[72C [34;01m[ [32;01mok[34;01m ][0m
 [32;01m*[0m Loading futures-io-0.3.15.crate into Cargo registry ...
[A[72C [34;01m[ [32;01mok[34;01m ][0m
 [32;01m*[0m Loading futures-sink-0.3.15.crate into Cargo registry ...
[A[72C [34;01m[ [32;01mok[34;01m ][0m
 [32;01m*[0m Loading futures-task-0.3.15.crate into Cargo registry ...
[A[72C [34;01m[ [32;01mok[34;01m ][0m
 [32;01m*[0m Loading futures-util-0.3.15.crate into Cargo registry ...
[A[72C [34;01m[ [32;01mok[34;01m ][0m
 [32;01m*[0m Loading getrandom-0.1.16.crate into Cargo registry ...
[A[72C [34;01m[ [32;01mok[34;01m ][0m
 [32;01m*[0m Loading gimli-0.24.0.crate into Cargo registry ...
[A[72C [34;01m[ [32;01mok[34;01m ][0m
 [32;01m*[0m Loading heck-0.3.2.crate into Cargo registry ...
[A[72C [34;01m[ [32;01mok[34;01m ][0m
 [32;01m*[0m Loading hermit-abi-0.1.18.crate into Cargo registry ...
[A[72C [34;01m[ [32;01mok[34;01m ][0m
 [32;01m*[0m Loading hostname-0.3.1.crate into Cargo registry ...
[A[72C [34;01m[ [32;01mok[34;01m ][0m
 [32;01m*[0m Loading html5ever-0.22.5.crate into Cargo registry ...
[A[72C [34;01m[ [32;01mok[34;01m ][0m
 [32;01m*[0m Loading idna-0.2.3.crate into Cargo registry ...
[A[72C [34;01m[ [32;01mok[34;01m ][0m
 [32;01m*[0m Loading iovec-0.1.4.crate into Cargo registry ...
[A[72C [34;01m[ [32;01mok[34;01m ][0m
 [32;01m*[0m Loading ipconfig-0.2.2.crate into Cargo registry ...
[A[72C [34;01m[ [32;01mok[34;01m ][0m
 [32;01m*[0m Loading itoa-0.4.7.crate into Cargo registry ...
[A[72C [34;01m[ [32;01mok[34;01m ][0m
 [32;01m*[0m Loading kernel32-sys-0.2.2.crate into Cargo registry ...
[A[72C [34;01m[ [32;01mok[34;01m ][0m
 [32;01m*[0m Loading lazy_static-1.4.0.crate into Cargo registry ...
[A[72C [34;01m[ [32;01mok[34;01m ][0m
 [32;01m*[0m Loading lexical-core-0.7.6.crate into Cargo registry ...
[A[72C [34;01m[ [32;01mok[34;01m ][0m
 [32;01m*[0m Loading libc-0.2.94.crate into Cargo registry ...
[A[72C [34;01m[ [32;01mok[34;01m ][0m
 [32;01m*[0m Loading libz-sys-1.1.3.crate into Cargo registry ...
[A[72C [34;01m[ [32;01mok[34;01m ][0m
 [32;01m*[0m Loading linked-hash-map-0.3.0.crate into Cargo registry ...
[A[72C [34;01m[ [32;01mok[34;01m ][0m
 [32;01m*[0m Loading linked-hash-map-0.5.4.crate into Cargo registry ...
[A[72C [34;01m[ [32;01mok[34;01m ][0m
 [32;01m*[0m Loading log-0.4.14.crate into Cargo registry ...
[A[72C [34;01m[ [32;01mok[34;01m ][0m
 [32;01m*[0m Loading lru-cache-0.1.2.crate into Cargo registry ...
[A[72C [34;01m[ [32;01mok[34;01m ][0m
 [32;01m*[0m Loading mac-0.1.1.crate into Cargo registry ...
[A[72C [34;01m[ [32;01mok[34;01m ][0m
 [32;01m*[0m Loading markup5ever-0.7.5.crate into Cargo registry ...
[A[72C [34;01m[ [32;01mok[34;01m ][0m
 [32;01m*[0m Loading match_cfg-0.1.0.crate into Cargo registry ...
[A[72C [34;01m[ [32;01mok[34;01m ][0m
 [32;01m*[0m Loading matches-0.1.8.crate into Cargo registry ...
[A[72C [34;01m[ [32;01mok[34;01m ][0m
 [32;01m*[0m Loading memchr-2.4.0.crate into Cargo registry ...
[A[72C [34;01m[ [32;01mok[34;01m ][0m
 [32;01m*[0m Loading memoffset-0.6.3.crate into Cargo registry ...
[A[72C [34;01m[ [32;01mok[34;01m ][0m
 [32;01m*[0m Loading miniz_oxide-0.4.4.crate into Cargo registry ...
[A[72C [34;01m[ [32;01mok[34;01m ][0m
 [32;01m*[0m Loading mio-0.6.23.crate into Cargo registry ...
[A[72C [34;01m[ [32;01mok[34;01m ][0m
 [32;01m*[0m Loading miow-0.2.2.crate into Cargo registry ...
[A[72C [34;01m[ [32;01mok[34;01m ][0m
 [32;01m*[0m Loading net2-0.2.37.crate into Cargo registry ...
[A[72C [34;01m[ [32;01mok[34;01m ][0m
 [32;01m*[0m Loading new_debug_unreachable-1.0.4.crate into Cargo registry ...
[A[72C [34;01m[ [32;01mok[34;01m ][0m
 [32;01m*[0m Loading nom-5.1.2.crate into Cargo registry ...
[A[72C [34;01m[ [32;01mok[34;01m ][0m
 [32;01m*[0m Loading num-integer-0.1.44.crate into Cargo registry ...
[A[72C [34;01m[ [32;01mok[34;01m ][0m
 [32;01m*[0m Loading num-traits-0.1.43.crate into Cargo registry ...
[A[72C [34;01m[ [32;01mok[34;01m ][0m
 [32;01m*[0m Loading num-traits-0.2.14.crate into Cargo registry ...
[A[72C [34;01m[ [32;01mok[34;01m ][0m
 [32;01m*[0m Loading num_cpus-1.13.0.crate into Cargo registry ...
[A[72C [34;01m[ [32;01mok[34;01m ][0m
 [32;01m*[0m Loading object-0.24.0.crate into Cargo registry ...
[A[72C [34;01m[ [32;01mok[34;01m ][0m
 [32;01m*[0m Loading once_cell-1.7.2.crate into Cargo registry ...
[A[72C [34;01m[ [32;01mok[34;01m ][0m
 [32;01m*[0m Loading openssl-0.10.34.crate into Cargo registry ...
[A[72C [34;01m[ [32;01mok[34;01m ][0m
 [32;01m*[0m Loading openssl-probe-0.1.4.crate into Cargo registry ...
[A[72C [34;01m[ [32;01mok[34;01m ][0m
 [32;01m*[0m Loading openssl-src-111.15.0+1.1.1k.crate into Cargo registry ...
[A[72C [34;01m[ [32;01mok[34;01m ][0m
 [32;01m*[0m Loading openssl-sys-0.9.63.crate into Cargo registry ...
[A[72C [34;01m[ [32;01mok[34;01m ][0m
 [32;01m*[0m Loading percent-encoding-2.1.0.crate into Cargo registry ...
[A[72C [34;01m[ [32;01mok[34;01m ][0m
 [32;01m*[0m Loading phf-0.7.24.crate into Cargo registry ...
[A[72C [34;01m[ [32;01mok[34;01m ][0m
 [32;01m*[0m Loading phf_codegen-0.7.24.crate into Cargo registry ...
[A[72C [34;01m[ [32;01mok[34;01m ][0m
 [32;01m*[0m Loading phf_generator-0.7.24.crate into Cargo registry ...
[A[72C [34;01m[ [32;01mok[34;01m ][0m
 [32;01m*[0m Loading phf_shared-0.7.24.crate into Cargo registry ...
[A[72C [34;01m[ [32;01mok[34;01m ][0m
 [32;01m*[0m Loading pin-project-lite-0.1.12.crate into Cargo registry ...
[A[72C [34;01m[ [32;01mok[34;01m ][0m
 [32;01m*[0m Loading pin-project-lite-0.2.6.crate into Cargo registry ...
[A[72C [34;01m[ [32;01mok[34;01m ][0m
 [32;01m*[0m Loading pin-utils-0.1.0.crate into Cargo registry ...
[A[72C [34;01m[ [32;01mok[34;01m ][0m
 [32;01m*[0m Loading pkg-config-0.3.19.crate into Cargo registry ...
[A[72C [34;01m[ [32;01mok[34;01m ][0m
 [32;01m*[0m Loading ppv-lite86-0.2.10.crate into Cargo registry ...
[A[72C [34;01m[ [32;01mok[34;01m ][0m
 [32;01m*[0m Loading precomputed-hash-0.1.1.crate into Cargo registry ...
[A[72C [34;01m[ [32;01mok[34;01m ][0m
 [32;01m*[0m Loading prettytable-rs-0.8.0.crate into Cargo registry ...
[A[72C [34;01m[ [32;01mok[34;01m ][0m
 [32;01m*[0m Loading proc-macro2-0.4.30.crate into Cargo registry ...
[A[72C [34;01m[ [32;01mok[34;01m ][0m
 [32;01m*[0m Loading proc-macro2-1.0.26.crate into Cargo registry ...
[A[72C [34;01m[ [32;01mok[34;01m ][0m
 [32;01m*[0m Loading quick-error-1.2.3.crate into Cargo registry ...
[A[72C [34;01m[ [32;01mok[34;01m ][0m
 [32;01m*[0m Loading quote-0.6.13.crate into Cargo registry ...
[A[72C [34;01m[ [32;01mok[34;01m ][0m
 [32;01m*[0m Loading quote-1.0.9.crate into Cargo registry ...
[A[72C [34;01m[ [32;01mok[34;01m ][0m
 [32;01m*[0m Loading rand-0.6.5.crate into Cargo registry ...
[A[72C [34;01m[ [32;01mok[34;01m ][0m
 [32;01m*[0m Loading rand-0.7.3.crate into Cargo registry ...
[A[72C [34;01m[ [32;01mok[34;01m ][0m
 [32;01m*[0m Loading rand_chacha-0.1.1.crate into Cargo registry ...
[A[72C [34;01m[ [32;01mok[34;01m ][0m
 [32;01m*[0m Loading rand_chacha-0.2.2.crate into Cargo registry ...
[A[72C [34;01m[ [32;01mok[34;01m ][0m
 [32;01m*[0m Loading rand_core-0.3.1.crate into Cargo registry ...
[A[72C [34;01m[ [32;01mok[34;01m ][0m
 [32;01m*[0m Loading rand_core-0.4.2.crate into Cargo registry ...
[A[72C [34;01m[ [32;01mok[34;01m ][0m
 [32;01m*[0m Loading rand_core-0.5.1.crate into Cargo registry ...
[A[72C [34;01m[ [32;01mok[34;01m ][0m
 [32;01m*[0m Loading rand_hc-0.1.0.crate into Cargo registry ...
[A[72C [34;01m[ [32;01mok[34;01m ][0m
 [32;01m*[0m Loading rand_hc-0.2.0.crate into Cargo registry ...
[A[72C [34;01m[ [32;01mok[34;01m ][0m
 [32;01m*[0m Loading rand_isaac-0.1.1.crate into Cargo registry ...
[A[72C [34;01m[ [32;01mok[34;01m ][0m
 [32;01m*[0m Loading rand_jitter-0.1.4.crate into Cargo registry ...
[A[72C [34;01m[ [32;01mok[34;01m ][0m
 [32;01m*[0m Loading rand_os-0.1.3.crate into Cargo registry ...
[A[72C [34;01m[ [32;01mok[34;01m ][0m
 [32;01m*[0m Loading rand_pcg-0.1.2.crate into Cargo registry ...
[A[72C [34;01m[ [32;01mok[34;01m ][0m
 [32;01m*[0m Loading rand_xorshift-0.1.1.crate into Cargo registry ...
[A[72C [34;01m[ [32;01mok[34;01m ][0m
 [32;01m*[0m Loading rayon-1.5.0.crate into Cargo registry ...
[A[72C [34;01m[ [32;01mok[34;01m ][0m
 [32;01m*[0m Loading rayon-core-1.9.0.crate into Cargo registry ...
[A[72C [34;01m[ [32;01mok[34;01m ][0m
 [32;01m*[0m Loading rdrand-0.4.0.crate into Cargo registry ...
[A[72C [34;01m[ [32;01mok[34;01m ][0m
 [32;01m*[0m Loading redox_syscall-0.1.57.crate into Cargo registry ...
[A[72C [34;01m[ [32;01mok[34;01m ][0m
 [32;01m*[0m Loading redox_users-0.3.5.crate into Cargo registry ...
[A[72C [34;01m[ [32;01mok[34;01m ][0m
 [32;01m*[0m Loading regex-1.5.4.crate into Cargo registry ...
[A[72C [34;01m[ [32;01mok[34;01m ][0m
 [32;01m*[0m Loading regex-automata-0.1.9.crate into Cargo registry ...
[A[72C [34;01m[ [32;01mok[34;01m ][0m
 [32;01m*[0m Loading regex-syntax-0.6.25.crate into Cargo registry ...
[A[72C [34;01m[ [32;01mok[34;01m ][0m
 [32;01m*[0m Loading resolv-conf-0.7.0.crate into Cargo registry ...
[A[72C [34;01m[ [32;01mok[34;01m ][0m
 [32;01m*[0m Loading rust-argon2-0.8.3.crate into Cargo registry ...
[A[72C [34;01m[ [32;01mok[34;01m ][0m
 [32;01m*[0m Loading rust-ini-0.13.0.crate into Cargo registry ...
[A[72C [34;01m[ [32;01mok[34;01m ][0m
 [32;01m*[0m Loading rustc-demangle-0.1.19.crate into Cargo registry ...
[A[72C [34;01m[ [32;01mok[34;01m ][0m
 [32;01m*[0m Loading ryu-1.0.5.crate into Cargo registry ...
[A[72C [34;01m[ [32;01mok[34;01m ][0m
 [32;01m*[0m Loading schannel-0.1.19.crate into Cargo registry ...
[A[72C [34;01m[ [32;01mok[34;01m ][0m
 [32;01m*[0m Loading scopeguard-1.1.0.crate into Cargo registry ...
[A[72C [34;01m[ [32;01mok[34;01m ][0m
 [32;01m*[0m Loading serde-0.8.23.crate into Cargo registry ...
[A[72C [34;01m[ [32;01mok[34;01m ][0m
 [32;01m*[0m Loading serde-1.0.126.crate into Cargo registry ...
[A[72C [34;01m[ [32;01mok[34;01m ][0m
 [32;01m*[0m Loading serde-hjson-0.9.1.crate into Cargo registry ...
[A[72C [34;01m[ [32;01mok[34;01m ][0m
 [32;01m*[0m Loading serde-xml-rs-0.4.1.crate into Cargo registry ...
[A[72C [34;01m[ [32;01mok[34;01m ][0m
 [32;01m*[0m Loading serde_derive-1.0.126.crate into Cargo registry ...
[A[72C [34;01m[ [32;01mok[34;01m ][0m
 [32;01m*[0m Loading serde_json-1.0.64.crate into Cargo registry ...
[A[72C [34;01m[ [32;01mok[34;01m ][0m
 [32;01m*[0m Loading serde_test-0.8.23.crate into Cargo registry ...
[A[72C [34;01m[ [32;01mok[34;01m ][0m
 [32;01m*[0m Loading siphasher-0.2.3.crate into Cargo registry ...
[A[72C [34;01m[ [32;01mok[34;01m ][0m
 [32;01m*[0m Loading slab-0.4.3.crate into Cargo registry ...
[A[72C [34;01m[ [32;01mok[34;01m ][0m
 [32;01m*[0m Loading smallvec-1.6.1.crate into Cargo registry ...
[A[72C [34;01m[ [32;01mok[34;01m ][0m
 [32;01m*[0m Loading socket2-0.3.19.crate into Cargo registry ...
[A[72C [34;01m[ [32;01mok[34;01m ][0m
 [32;01m*[0m Loading socket2-0.4.0.crate into Cargo registry ...
[A[72C [34;01m[ [32;01mok[34;01m ][0m
 [32;01m*[0m Loading static_assertions-1.1.0.crate into Cargo registry ...
[A[72C [34;01m[ [32;01mok[34;01m ][0m
 [32;01m*[0m Loading string_cache-0.7.5.crate into Cargo registry ...
[A[72C [34;01m[ [32;01mok[34;01m ][0m
 [32;01m*[0m Loading string_cache_codegen-0.4.4.crate into Cargo registry ...
[A[72C [34;01m[ [32;01mok[34;01m ][0m
 [32;01m*[0m Loading string_cache_shared-0.3.0.crate into Cargo registry ...
[A[72C [34;01m[ [32;01mok[34;01m ][0m
 [32;01m*[0m Loading strsim-0.8.0.crate into Cargo registry ...
[A[72C [34;01m[ [32;01mok[34;01m ][0m
 [32;01m*[0m Loading syn-0.15.44.crate into Cargo registry ...
[A[72C [34;01m[ [32;01mok[34;01m ][0m
 [32;01m*[0m Loading syn-1.0.72.crate into Cargo registry ...
[A[72C [34;01m[ [32;01mok[34;01m ][0m
 [32;01m*[0m Loading synstructure-0.12.4.crate into Cargo registry ...
[A[72C [34;01m[ [32;01mok[34;01m ][0m
 [32;01m*[0m Loading tendril-0.4.2.crate into Cargo registry ...
[A[72C [34;01m[ [32;01mok[34;01m ][0m
 [32;01m*[0m Loading term-0.5.2.crate into Cargo registry ...
[A[72C [34;01m[ [32;01mok[34;01m ][0m
 [32;01m*[0m Loading textwrap-0.11.0.crate into Cargo registry ...
[A[72C [34;01m[ [32;01mok[34;01m ][0m
 [32;01m*[0m Loading thiserror-1.0.24.crate into Cargo registry ...
[A[72C [34;01m[ [32;01mok[34;01m ][0m
 [32;01m*[0m Loading thiserror-impl-1.0.24.crate into Cargo registry ...
[A[72C [34;01m[ [32;01mok[34;01m ][0m
 [32;01m*[0m Loading time-0.1.44.crate into Cargo registry ...
[A[72C [34;01m[ [32;01mok[34;01m ][0m
 [32;01m*[0m Loading tinyvec-1.2.0.crate into Cargo registry ...
[A[72C [34;01m[ [32;01mok[34;01m ][0m
 [32;01m*[0m Loading tinyvec_macros-0.1.0.crate into Cargo registry ...
[A[72C [34;01m[ [32;01mok[34;01m ][0m
 [32;01m*[0m Loading tokio-0.2.25.crate into Cargo registry ...
[A[72C [34;01m[ [32;01mok[34;01m ][0m
 [32;01m*[0m Loading toml-0.5.8.crate into Cargo registry ...
[A[72C [34;01m[ [32;01mok[34;01m ][0m
 [32;01m*[0m Loading trust-dns-proto-0.19.7.crate into Cargo registry ...
[A[72C [34;01m[ [32;01mok[34;01m ][0m
 [32;01m*[0m Loading trust-dns-resolver-0.19.7.crate into Cargo registry ...
[A[72C [34;01m[ [32;01mok[34;01m ][0m
 [32;01m*[0m Loading unicode-bidi-0.3.5.crate into Cargo registry ...
[A[72C [34;01m[ [32;01mok[34;01m ][0m
 [32;01m*[0m Loading unicode-normalization-0.1.17.crate into Cargo registry ...
[A[72C [34;01m[ [32;01mok[34;01m ][0m
 [32;01m*[0m Loading unicode-segmentation-1.7.1.crate into Cargo registry ...
[A[72C [34;01m[ [32;01mok[34;01m ][0m
 [32;01m*[0m Loading unicode-width-0.1.8.crate into Cargo registry ...
[A[72C [34;01m[ [32;01mok[34;01m ][0m
 [32;01m*[0m Loading unicode-xid-0.1.0.crate into Cargo registry ...
[A[72C [34;01m[ [32;01mok[34;01m ][0m
 [32;01m*[0m Loading unicode-xid-0.2.2.crate into Cargo registry ...
[A[72C [34;01m[ [32;01mok[34;01m ][0m
 [32;01m*[0m Loading url-2.2.2.crate into Cargo registry ...
[A[72C [34;01m[ [32;01mok[34;01m ][0m
 [32;01m*[0m Loading utf-8-0.7.6.crate into Cargo registry ...
[A[72C [34;01m[ [32;01mok[34;01m ][0m
 [32;01m*[0m Loading vcpkg-0.2.12.crate into Cargo registry ...
[A[72C [34;01m[ [32;01mok[34;01m ][0m
 [32;01m*[0m Loading vec_map-0.8.2.crate into Cargo registry ...
[A[72C [34;01m[ [32;01mok[34;01m ][0m
 [32;01m*[0m Loading version_check-0.9.3.crate into Cargo registry ...
[A[72C [34;01m[ [32;01mok[34;01m ][0m
 [32;01m*[0m Loading wasi-0.10.0+wasi-snapshot-preview1.crate into Cargo registry ...
[A[72C [34;01m[ [32;01mok[34;01m ][0m
 [32;01m*[0m Loading wasi-0.9.0+wasi-snapshot-preview1.crate into Cargo registry ...
[A[72C [34;01m[ [32;01mok[34;01m ][0m
 [32;01m*[0m Loading webpage-1.2.0.crate into Cargo registry ...
[A[72C [34;01m[ [32;01mok[34;01m ][0m
 [32;01m*[0m Loading widestring-0.4.3.crate into Cargo registry ...
[A[72C [34;01m[ [32;01mok[34;01m ][0m
 [32;01m*[0m Loading winapi-0.2.8.crate into Cargo registry ...
[A[72C [34;01m[ [32;01mok[34;01m ][0m
 [32;01m*[0m Loading winapi-0.3.9.crate into Cargo registry ...
[A[72C [34;01m[ [32;01mok[34;01m ][0m
 [32;01m*[0m Loading winapi-build-0.1.1.crate into Cargo registry ...
[A[72C [34;01m[ [32;01mok[34;01m ][0m
 [32;01m*[0m Loading winapi-i686-pc-windows-gnu-0.4.0.crate into Cargo registry ...
[A[72C [34;01m[ [32;01mok[34;01m ][0m
 [32;01m*[0m Loading winapi-x86_64-pc-windows-gnu-0.4.0.crate into Cargo registry ...
[A[72C [34;01m[ [32;01mok[34;01m ][0m
 [32;01m*[0m Loading winreg-0.6.2.crate into Cargo registry ...
[A[72C [34;01m[ [32;01mok[34;01m ][0m
 [32;01m*[0m Loading ws2_32-sys-0.2.1.crate into Cargo registry ...
[A[72C [34;01m[ [32;01mok[34;01m ][0m
 [32;01m*[0m Loading xml-rs-0.8.3.crate into Cargo registry ...
[A[72C [34;01m[ [32;01mok[34;01m ][0m
 [32;01m*[0m Loading yaml-rust-0.3.5.crate into Cargo registry ...
[A[72C [34;01m[ [32;01mok[34;01m ][0m
 [32;01m*[0m Loading yaml-rust-0.4.5.crate into Cargo registry ...
[A[72C [34;01m[ [32;01mok[34;01m ][0m
>>> Source unpacked in /var/tmp/portage/net-analyzer/unimap-0.2.0/work
>>> Preparing source in /var/tmp/portage/net-analyzer/unimap-0.2.0/work/unimap-0.2.0 ...
>>> Source prepared.
>>> Configuring source in /var/tmp/portage/net-analyzer/unimap-0.2.0/work/unimap-0.2.0 ...
>>> Source configured.
>>> Compiling source in /var/tmp/portage/net-analyzer/unimap-0.2.0/work/unimap-0.2.0 ...
 [32;01m*[0m cargo build --release
[0m[0m[1m[31merror[0m[1m:[0m could not find `Cargo.toml` in `/var/tmp/portage/net-analyzer/unimap-0.2.0/work/unimap-0.2.0` or any parent directory
 [31;01m*[0m ERROR: net-analyzer/unimap-0.2.0::pentoo failed (compile phase):
 [31;01m*[0m   cargo build failed
 [31;01m*[0m 
 [31;01m*[0m Call stack:
 [31;01m*[0m     ebuild.sh, line  125:  Called src_compile
 [31;01m*[0m   environment, line 2898:  Called cargo_src_compile
 [31;01m*[0m   environment, line 2030:  Called die
 [31;01m*[0m The specific snippet of code:
 [31;01m*[0m       "${@}" || die "cargo build failed"
 [31;01m*[0m 
 [31;01m*[0m If you need support, post the output of `emerge --info '=net-analyzer/unimap-0.2.0::pentoo'`,
 [31;01m*[0m the complete build log and the output of `emerge -pqv '=net-analyzer/unimap-0.2.0::pentoo'`.
 [31;01m*[0m The complete build log is located at '/var/tmp/portage/net-analyzer/unimap-0.2.0/temp/build.log.gz'.
 [31;01m*[0m The ebuild environment file is located at '/var/tmp/portage/net-analyzer/unimap-0.2.0/temp/environment'.
 [31;01m*[0m Working directory: '/var/tmp/portage/net-analyzer/unimap-0.2.0/work/unimap-0.2.0'
 [31;01m*[0m S: '/var/tmp/portage/net-analyzer/unimap-0.2.0/work/unimap-0.2.0'
